<?xml version="1.0" encoding="UTF-8"?>
<!-- Generated by org.testng.reporters.JUnitReportReporter -->
<testsuite hostname="DESKTOP-K50V2JM" failures="0" tests="2" name="com.qa.test.Test1" time="0.022" errors="0" timestamp="2023-04-02T09:10:34 IST" skipped="0">
  <testcase classname="com.qa.test.Test1" name="test2" time="0.002"/>
  <system-out/>
  <testcase classname="com.qa.test.Test1" name="test1" time="0.020"/>
  <system-out/>
</testsuite> <!-- com.qa.test.Test1 -->
